<?xml version="1.0" encoding="UTF-8"?>
<TestRun id="aa0c4e0e-ca01-4ea7-a0f9-d7c603775688" name="Admin@ADMIN-KOMPUTER 2013-01-14 20:41:35" runUser="Admin-Komputer\Admin" xmlns="http://microsoft.com/schemas/VisualStudio/TeamTest/2010">
  <TestSettings name="Local" id="f6c044c9-0e3f-4f1b-8ba3-a15348056ed4">
    <Description>These are default test settings for a local test run.</Description>
    <Deployment enabled="false" runDeploymentRoot="Admin_ADMIN-KOMPUTER 2013-01-14 20_41_35">
      <DeploymentItem filename="C:\Users\Admin\Documents\Visual Studio 2010\Projects\ZMTFixedAssetsWebApp\ZMTFixedAssetsWebApp.WebUI\bin\ZMTFixedAssetsWebApp.WebUI.dll" />
      <DeploymentItem filename="D:\c#\Ninject.dll" />
      <DeploymentItem filename="C:\Users\Admin\Documents\Visual Studio 2010\Projects\ZMTFixedAssetsWebApp\ZMTFixedAssetsWebApp.Domain\bin\Debug\ZMTFixedAssetsWebApp.Domain.dll" />
      <DeploymentItem filename="D:\c#\Moq.dll" />
    </Deployment>
    <Execution>
      <TestTypeSpecific />
      <AgentRule name="Execution Agents">
      </AgentRule>
    </Execution>
  </TestSettings>
  <Times creation="2013-01-14T20:41:35.1399046+01:00" queuing="2013-01-14T20:41:35.2869130+01:00" start="2013-01-14T20:41:35.3419162+01:00" finish="2013-01-14T20:41:36.6469908+01:00" />
  <ResultSummary outcome="Failed">
    <Counters total="1" executed="1" error="0" failed="1" timeout="0" aborted="0" inconclusive="0" passedButRunAborted="0" notRunnable="0" notExecuted="0" disconnected="0" warning="0" passed="0" completed="0" inProgress="0" pending="0" />
  </ResultSummary>
  <TestDefinitions>
    <UnitTest name="CanDeleteSection" storage="c:\users\admin\documents\visual studio 2010\projects\zmtfixedassetswebapp\zmtfixedassetswebapp.unittests\bin\debug\zmtfixedassetswebapp.unittests.dll" id="014b556d-7546-f754-97b6-9b49333dd2b8">
      <Execution id="49a52f1c-399e-4af9-a758-ccba593657c7" />
      <TestMethod codeBase="C:/Users/Admin/Documents/Visual Studio 2010/Projects/ZMTFixedAssetsWebApp/ZMTFixedAssetsWebApp.UnitTests/bin/Debug/ZMTFixedAssetsWebApp.UnitTests.DLL" adapterTypeName="Microsoft.VisualStudio.TestTools.TestTypes.Unit.UnitTestAdapter, Microsoft.VisualStudio.QualityTools.Tips.UnitTest.Adapter, Version=10.0.0.0, Culture=neutral, PublicKeyToken=b03f5f7f11d50a3a" className="ZMTFixedAssetsWebApp.UnitTests.SectionUnitTest, ZMTFixedAssetsWebApp.UnitTests, Version=1.0.0.0, Culture=neutral, PublicKeyToken=null" name="CanDeleteSection" />
    </UnitTest>
  </TestDefinitions>
  <TestLists>
    <TestList name="Results Not in a List" id="8c84fa94-04c1-424b-9868-57a2d4851a1d" />
    <TestList name="All Loaded Results" id="19431567-8539-422a-85d7-44ee4e166bda" />
  </TestLists>
  <TestEntries>
    <TestEntry testId="014b556d-7546-f754-97b6-9b49333dd2b8" executionId="49a52f1c-399e-4af9-a758-ccba593657c7" testListId="8c84fa94-04c1-424b-9868-57a2d4851a1d" />
  </TestEntries>
  <Results>
    <UnitTestResult executionId="49a52f1c-399e-4af9-a758-ccba593657c7" testId="014b556d-7546-f754-97b6-9b49333dd2b8" testName="CanDeleteSection" computerName="ADMIN-KOMPUTER" duration="00:00:00.6279223" startTime="2013-01-14T20:41:35.3819185+01:00" endTime="2013-01-14T20:41:36.6109888+01:00" testType="13cdc9d9-ddb5-4fa4-a97d-d965ccfc6d4b" outcome="Failed" testListId="8c84fa94-04c1-424b-9868-57a2d4851a1d" relativeResultsDirectory="49a52f1c-399e-4af9-a758-ccba593657c7">
      <Output>
        <ErrorInfo>
          <Message>Assert.AreEqual failed. Expected:&lt;6&gt;. Actual:&lt;5&gt;. </Message>
          <StackTrace>   at ZMTFixedAssetsWebApp.UnitTests.SectionUnitTest.CanDeleteSection() in C:\Users\Admin\Documents\Visual Studio 2010\Projects\ZMTFixedAssetsWebApp\ZMTFixedAssetsWebApp.UnitTests\SectionUnitTest.cs:line 185
</StackTrace>
        </ErrorInfo>
      </Output>
    </UnitTestResult>
  </Results>
</TestRun>