<?xml version="1.0" encoding="UTF-8"?>
<TestRun id="5cd46507-0d42-4ee8-bb98-682a40833ef2" name="Admin@ADMIN-KOMPUTER 2013-01-14 20:27:57" runUser="Admin-Komputer\Admin" xmlns="http://microsoft.com/schemas/VisualStudio/TeamTest/2010">
  <TestSettings name="Local" id="f6c044c9-0e3f-4f1b-8ba3-a15348056ed4">
    <Description>These are default test settings for a local test run.</Description>
    <Deployment enabled="false" runDeploymentRoot="Admin_ADMIN-KOMPUTER 2013-01-14 20_27_57">
      <DeploymentItem filename="C:\Users\Admin\Documents\Visual Studio 2010\Projects\ZMTFixedAssetsWebApp\ZMTFixedAssetsWebApp.WebUI\bin\ZMTFixedAssetsWebApp.WebUI.dll" />
      <DeploymentItem filename="D:\c#\Ninject.dll" />
      <DeploymentItem filename="C:\Users\Admin\Documents\Visual Studio 2010\Projects\ZMTFixedAssetsWebApp\ZMTFixedAssetsWebApp.Domain\bin\Debug\ZMTFixedAssetsWebApp.Domain.dll" />
      <DeploymentItem filename="D:\c#\Moq.dll" />
    </Deployment>
    <Execution>
      <TestTypeSpecific />
      <AgentRule name="Execution Agents">
      </AgentRule>
    </Execution>
  </TestSettings>
  <Times creation="2013-01-14T20:27:57.4081330+01:00" queuing="2013-01-14T20:27:57.4931379+01:00" start="2013-01-14T20:27:57.5201394+01:00" finish="2013-01-14T20:27:58.5071959+01:00" />
  <ResultSummary outcome="Failed">
    <Counters total="1" executed="1" error="0" failed="1" timeout="0" aborted="0" inconclusive="0" passedButRunAborted="0" notRunnable="0" notExecuted="0" disconnected="0" warning="0" passed="0" completed="0" inProgress="0" pending="0" />
  </ResultSummary>
  <TestDefinitions>
    <UnitTest name="CantEditSection" storage="c:\users\admin\documents\visual studio 2010\projects\zmtfixedassetswebapp\zmtfixedassetswebapp.unittests\bin\debug\zmtfixedassetswebapp.unittests.dll" id="cfd36951-2968-a586-3914-50d17e99fa35">
      <Execution id="f47c339c-9678-4461-8c11-609c469f6ccd" />
      <TestMethod codeBase="C:/Users/Admin/Documents/Visual Studio 2010/Projects/ZMTFixedAssetsWebApp/ZMTFixedAssetsWebApp.UnitTests/bin/Debug/ZMTFixedAssetsWebApp.UnitTests.DLL" adapterTypeName="Microsoft.VisualStudio.TestTools.TestTypes.Unit.UnitTestAdapter, Microsoft.VisualStudio.QualityTools.Tips.UnitTest.Adapter, Version=10.0.0.0, Culture=neutral, PublicKeyToken=b03f5f7f11d50a3a" className="ZMTFixedAssetsWebApp.UnitTests.SectionUnitTest, ZMTFixedAssetsWebApp.UnitTests, Version=1.0.0.0, Culture=neutral, PublicKeyToken=null" name="CantEditSection" />
    </UnitTest>
  </TestDefinitions>
  <TestLists>
    <TestList name="Results Not in a List" id="8c84fa94-04c1-424b-9868-57a2d4851a1d" />
    <TestList name="All Loaded Results" id="19431567-8539-422a-85d7-44ee4e166bda" />
  </TestLists>
  <TestEntries>
    <TestEntry testId="cfd36951-2968-a586-3914-50d17e99fa35" executionId="f47c339c-9678-4461-8c11-609c469f6ccd" testListId="8c84fa94-04c1-424b-9868-57a2d4851a1d" />
  </TestEntries>
  <Results>
    <UnitTestResult executionId="f47c339c-9678-4461-8c11-609c469f6ccd" testId="cfd36951-2968-a586-3914-50d17e99fa35" testName="CantEditSection" computerName="ADMIN-KOMPUTER" duration="00:00:00.4844518" startTime="2013-01-14T20:27:57.5261398+01:00" endTime="2013-01-14T20:27:58.4641934+01:00" testType="13cdc9d9-ddb5-4fa4-a97d-d965ccfc6d4b" outcome="Failed" testListId="8c84fa94-04c1-424b-9868-57a2d4851a1d" relativeResultsDirectory="f47c339c-9678-4461-8c11-609c469f6ccd">
      <Output>
        <ErrorInfo>
          <Message>Test method ZMTFixedAssetsWebApp.UnitTests.SectionUnitTest.CantEditSection threw exception System.Exception, but exception System.Data.Entity.Infrastructure.DbUpdateException was expected. Exception message: System.Exception: Nie udało się edytować sekcji. Proszę skontaktować się z administratorem. Error message: Object reference not set to an instance of an object.</Message>
          <StackTrace>    at ZMTFixedAssetsWebApp.WebUI.Controllers.SectionController.Edit(SectionModel model) in C:\Users\Admin\Documents\Visual Studio 2010\Projects\ZMTFixedAssetsWebApp\ZMTFixedAssetsWebApp.WebUI\Controllers\SectionController.cs:line 107
   at ZMTFixedAssetsWebApp.UnitTests.SectionUnitTest.CantEditSection() in C:\Users\Admin\Documents\Visual Studio 2010\Projects\ZMTFixedAssetsWebApp\ZMTFixedAssetsWebApp.UnitTests\SectionUnitTest.cs:line 159
</StackTrace>
        </ErrorInfo>
      </Output>
    </UnitTestResult>
  </Results>
</TestRun>