<?xml version="1.0" encoding="UTF-8"?>
<TestRun id="7ece61b9-89b7-4b88-ae85-15c57fd7ebb9" name="Admin@ADMIN-KOMPUTER 2012-08-29 15:48:40" runUser="Admin-Komputer\Admin" xmlns="http://microsoft.com/schemas/VisualStudio/TeamTest/2010">
  <TestSettings name="Local" id="f6c044c9-0e3f-4f1b-8ba3-a15348056ed4">
    <Description>These are default test settings for a local test run.</Description>
    <Deployment enabled="false" runDeploymentRoot="Admin_ADMIN-KOMPUTER 2012-08-29 15_48_40">
      <DeploymentItem filename="c:\users\admin\documents\visual studio 2010\Projects\ZMTFixedAssetsWebApp\ZMTFixedAssetsWebApp.WebUI\bin\ZMTFixedAssetsWebApp.WebUI.dll" />
      <DeploymentItem filename="D:\c#\Ninject.dll" />
      <DeploymentItem filename="c:\users\admin\documents\visual studio 2010\Projects\ZMTFixedAssetsWebApp\ZMTFixedAssetsWebApp.Domain\bin\Debug\ZMTFixedAssetsWebApp.Domain.dll" />
      <DeploymentItem filename="D:\c#\Moq.dll" />
    </Deployment>
    <Execution>
      <TestTypeSpecific />
      <AgentRule name="Execution Agents">
      </AgentRule>
    </Execution>
  </TestSettings>
  <Times creation="2012-08-29T15:48:40.5789008+02:00" queuing="2012-08-29T15:48:43.6470763+02:00" start="2012-08-29T15:48:44.0100971+02:00" finish="2012-08-29T15:48:47.4382932+02:00" />
  <ResultSummary outcome="Completed">
    <Counters total="1" executed="1" passed="1" error="0" failed="0" timeout="0" aborted="0" inconclusive="0" passedButRunAborted="0" notRunnable="0" notExecuted="0" disconnected="0" warning="0" completed="0" inProgress="0" pending="0" />
  </ResultSummary>
  <TestDefinitions>
    <UnitTest name="GetAllShortNames" storage="c:\users\admin\documents\visual studio 2010\projects\zmtfixedassetswebapp\zmtfixedassetswebapp.unittests\bin\debug\zmtfixedassetswebapp.unittests.dll" id="72513515-e2fb-5dab-cd46-48ba7b9590d1">
      <Execution id="bccc8647-f997-4bfc-acab-e614b7eac015" />
      <TestMethod codeBase="c:/users/admin/documents/visual studio 2010/Projects/ZMTFixedAssetsWebApp/ZMTFixedAssetsWebApp.UnitTests/bin/Debug/ZMTFixedAssetsWebApp.UnitTests.DLL" adapterTypeName="Microsoft.VisualStudio.TestTools.TestTypes.Unit.UnitTestAdapter, Microsoft.VisualStudio.QualityTools.Tips.UnitTest.Adapter, Version=10.0.0.0, Culture=neutral, PublicKeyToken=b03f5f7f11d50a3a" className="ZMTFixedAssetsWebApp.UnitTests.SectionUnitTest, ZMTFixedAssetsWebApp.UnitTests, Version=1.0.0.0, Culture=neutral, PublicKeyToken=null" name="GetAllShortNames" />
    </UnitTest>
  </TestDefinitions>
  <TestLists>
    <TestList name="Results Not in a List" id="8c84fa94-04c1-424b-9868-57a2d4851a1d" />
    <TestList name="All Loaded Results" id="19431567-8539-422a-85d7-44ee4e166bda" />
  </TestLists>
  <TestEntries>
    <TestEntry testId="72513515-e2fb-5dab-cd46-48ba7b9590d1" executionId="bccc8647-f997-4bfc-acab-e614b7eac015" testListId="8c84fa94-04c1-424b-9868-57a2d4851a1d" />
  </TestEntries>
  <Results>
    <UnitTestResult executionId="bccc8647-f997-4bfc-acab-e614b7eac015" testId="72513515-e2fb-5dab-cd46-48ba7b9590d1" testName="GetAllShortNames" computerName="ADMIN-KOMPUTER" duration="00:00:01.7821780" startTime="2012-08-29T15:48:44.1251037+02:00" endTime="2012-08-29T15:48:47.2882846+02:00" testType="13cdc9d9-ddb5-4fa4-a97d-d965ccfc6d4b" outcome="Passed" testListId="8c84fa94-04c1-424b-9868-57a2d4851a1d" relativeResultsDirectory="bccc8647-f997-4bfc-acab-e614b7eac015">
    </UnitTestResult>
  </Results>
</TestRun>