<?xml version="1.0" encoding="UTF-8"?>
<TestRun id="89835821-f868-49ca-86f2-c1bd0d1a8555" name="Admin@ADMIN-KOMPUTER 2013-01-05 15:27:40" runUser="Admin-Komputer\Admin" xmlns="http://microsoft.com/schemas/VisualStudio/TeamTest/2010">
  <TestSettings name="Local" id="f6c044c9-0e3f-4f1b-8ba3-a15348056ed4">
    <Description>These are default test settings for a local test run.</Description>
    <Deployment enabled="false" runDeploymentRoot="Admin_ADMIN-KOMPUTER 2013-01-05 15_27_40">
      <DeploymentItem filename="C:\Users\Admin\Documents\Visual Studio 2010\Projects\ZMTFixedAssetsWebApp\ZMTFixedAssetsWebApp.WebUI\bin\ZMTFixedAssetsWebApp.WebUI.dll" />
      <DeploymentItem filename="D:\c#\Ninject.dll" />
      <DeploymentItem filename="C:\Users\Admin\Documents\Visual Studio 2010\Projects\ZMTFixedAssetsWebApp\ZMTFixedAssetsWebApp.Domain\bin\Debug\ZMTFixedAssetsWebApp.Domain.dll" />
      <DeploymentItem filename="D:\c#\Moq.dll" />
    </Deployment>
    <Execution>
      <TestTypeSpecific />
      <AgentRule name="Execution Agents">
      </AgentRule>
    </Execution>
  </TestSettings>
  <Times creation="2013-01-05T15:27:40.0852145+01:00" queuing="2013-01-05T15:27:40.4062328+01:00" start="2013-01-05T15:27:40.6422463+01:00" finish="2013-01-05T15:27:41.6673050+01:00" />
  <ResultSummary outcome="Failed">
    <Counters total="1" executed="1" error="0" failed="1" timeout="0" aborted="0" inconclusive="0" passedButRunAborted="0" notRunnable="0" notExecuted="0" disconnected="0" warning="0" passed="0" completed="0" inProgress="0" pending="0" />
  </ResultSummary>
  <TestDefinitions>
    <UnitTest name="CantDeletePerson" storage="c:\users\admin\documents\visual studio 2010\projects\zmtfixedassetswebapp\zmtfixedassetswebapp.unittests\bin\debug\zmtfixedassetswebapp.unittests.dll" id="c97fa15e-5564-602b-e2d0-4994dbbfb87b">
      <Execution id="8645a866-69ce-4047-900f-360fa4f0f273" />
      <TestMethod codeBase="C:/Users/Admin/Documents/Visual Studio 2010/Projects/ZMTFixedAssetsWebApp/ZMTFixedAssetsWebApp.UnitTests/bin/Debug/ZMTFixedAssetsWebApp.UnitTests.DLL" adapterTypeName="Microsoft.VisualStudio.TestTools.TestTypes.Unit.UnitTestAdapter, Microsoft.VisualStudio.QualityTools.Tips.UnitTest.Adapter, Version=10.0.0.0, Culture=neutral, PublicKeyToken=b03f5f7f11d50a3a" className="ZMTFixedAssetsWebApp.UnitTests.PersonUnitTest, ZMTFixedAssetsWebApp.UnitTests, Version=1.0.0.0, Culture=neutral, PublicKeyToken=null" name="CantDeletePerson" />
    </UnitTest>
  </TestDefinitions>
  <TestLists>
    <TestList name="Results Not in a List" id="8c84fa94-04c1-424b-9868-57a2d4851a1d" />
    <TestList name="All Loaded Results" id="19431567-8539-422a-85d7-44ee4e166bda" />
  </TestLists>
  <TestEntries>
    <TestEntry testId="c97fa15e-5564-602b-e2d0-4994dbbfb87b" executionId="8645a866-69ce-4047-900f-360fa4f0f273" testListId="8c84fa94-04c1-424b-9868-57a2d4851a1d" />
  </TestEntries>
  <Results>
    <UnitTestResult executionId="8645a866-69ce-4047-900f-360fa4f0f273" testId="c97fa15e-5564-602b-e2d0-4994dbbfb87b" testName="CantDeletePerson" computerName="ADMIN-KOMPUTER" duration="00:00:00.5331955" startTime="2013-01-05T15:27:40.4712366+01:00" endTime="2013-01-05T15:27:41.5833002+01:00" testType="13cdc9d9-ddb5-4fa4-a97d-d965ccfc6d4b" outcome="Failed" testListId="8c84fa94-04c1-424b-9868-57a2d4851a1d" relativeResultsDirectory="8645a866-69ce-4047-900f-360fa4f0f273">
      <Output>
        <ErrorInfo>
          <Message>Test method ZMTFixedAssetsWebApp.UnitTests.PersonUnitTest.CantDeletePerson threw exception: 
System.ArgumentNullException: Value cannot be null.
Parameter name: request</Message>
          <StackTrace>    at System.Web.Mvc.AjaxRequestExtensions.IsAjaxRequest(HttpRequestBase request)
   at ZMTFixedAssetsWebApp.WebUI.Controllers.PersonController.Delete(Int32 id) in C:\Users\Admin\Documents\Visual Studio 2010\Projects\ZMTFixedAssetsWebApp\ZMTFixedAssetsWebApp.WebUI\Controllers\PersonController.cs:line 136
   at ZMTFixedAssetsWebApp.UnitTests.PersonUnitTest.CantDeletePerson() in C:\Users\Admin\Documents\Visual Studio 2010\Projects\ZMTFixedAssetsWebApp\ZMTFixedAssetsWebApp.UnitTests\PersonUnitTest.cs:line 168
</StackTrace>
        </ErrorInfo>
      </Output>
    </UnitTestResult>
  </Results>
</TestRun>