<?xml version="1.0" encoding="UTF-8"?>
<TestRun id="19ff643b-b2df-4b48-9342-7832ca83f023" name="Admin@ADMIN-KOMPUTER 2012-12-27 23:33:11" runUser="Admin-Komputer\Admin" xmlns="http://microsoft.com/schemas/VisualStudio/TeamTest/2010">
  <TestSettings name="Local" id="f6c044c9-0e3f-4f1b-8ba3-a15348056ed4">
    <Description>These are default test settings for a local test run.</Description>
    <Deployment enabled="false" runDeploymentRoot="Admin_ADMIN-KOMPUTER 2012-12-27 23_33_11">
      <DeploymentItem filename="C:\Users\Admin\Documents\Visual Studio 2010\Projects\ZMTFixedAssetsWebApp\ZMTFixedAssetsWebApp.WebUI\bin\ZMTFixedAssetsWebApp.WebUI.dll" />
      <DeploymentItem filename="D:\c#\Ninject.dll" />
      <DeploymentItem filename="C:\Users\Admin\Documents\Visual Studio 2010\Projects\ZMTFixedAssetsWebApp\ZMTFixedAssetsWebApp.Domain\bin\Debug\ZMTFixedAssetsWebApp.Domain.dll" />
      <DeploymentItem filename="D:\c#\Moq.dll" />
    </Deployment>
    <Execution>
      <TestTypeSpecific />
      <AgentRule name="Execution Agents">
      </AgentRule>
    </Execution>
  </TestSettings>
  <Times creation="2012-12-27T23:33:11.5745228+01:00" queuing="2012-12-27T23:33:12.1685568+01:00" start="2012-12-27T23:33:12.3775688+01:00" finish="2012-12-27T23:33:13.8616536+01:00" />
  <ResultSummary outcome="Failed">
    <Counters total="7" executed="7" passed="6" error="0" failed="1" timeout="0" aborted="0" inconclusive="0" passedButRunAborted="0" notRunnable="0" notExecuted="0" disconnected="0" warning="0" completed="0" inProgress="0" pending="0" />
  </ResultSummary>
  <TestDefinitions>
    <UnitTest name="CanDeletePerson" storage="c:\users\admin\documents\visual studio 2010\projects\zmtfixedassetswebapp\zmtfixedassetswebapp.unittests\bin\debug\zmtfixedassetswebapp.unittests.dll" id="d0895da2-a254-3293-a751-fc6aae545dc9">
      <Execution id="37574406-6711-4a35-a754-228edf80291c" />
      <TestMethod codeBase="C:/Users/Admin/Documents/Visual Studio 2010/Projects/ZMTFixedAssetsWebApp/ZMTFixedAssetsWebApp.UnitTests/bin/Debug/ZMTFixedAssetsWebApp.UnitTests.DLL" adapterTypeName="Microsoft.VisualStudio.TestTools.TestTypes.Unit.UnitTestAdapter, Microsoft.VisualStudio.QualityTools.Tips.UnitTest.Adapter, Version=10.0.0.0, Culture=neutral, PublicKeyToken=b03f5f7f11d50a3a" className="ZMTFixedAssetsWebApp.UnitTests.PersonUnitTest, ZMTFixedAssetsWebApp.UnitTests, Version=1.0.0.0, Culture=neutral, PublicKeyToken=null" name="CanDeletePerson" />
    </UnitTest>
    <UnitTest name="CantDeletePerson" storage="c:\users\admin\documents\visual studio 2010\projects\zmtfixedassetswebapp\zmtfixedassetswebapp.unittests\bin\debug\zmtfixedassetswebapp.unittests.dll" id="c97fa15e-5564-602b-e2d0-4994dbbfb87b">
      <Execution id="785cf3a7-840f-4c23-9865-ccce094e7888" />
      <TestMethod codeBase="C:/Users/Admin/Documents/Visual Studio 2010/Projects/ZMTFixedAssetsWebApp/ZMTFixedAssetsWebApp.UnitTests/bin/Debug/ZMTFixedAssetsWebApp.UnitTests.DLL" adapterTypeName="Microsoft.VisualStudio.TestTools.TestTypes.Unit.UnitTestAdapter, Microsoft.VisualStudio.QualityTools.Tips.UnitTest.Adapter, Version=10.0.0.0, Culture=neutral, PublicKeyToken=b03f5f7f11d50a3a" className="ZMTFixedAssetsWebApp.UnitTests.PersonUnitTest, ZMTFixedAssetsWebApp.UnitTests, Version=1.0.0.0, Culture=neutral, PublicKeyToken=null" name="CantDeletePerson" />
    </UnitTest>
    <UnitTest name="CantAddPerson" storage="c:\users\admin\documents\visual studio 2010\projects\zmtfixedassetswebapp\zmtfixedassetswebapp.unittests\bin\debug\zmtfixedassetswebapp.unittests.dll" id="a3ff57f2-eb65-3612-4ac7-d98d8c3622d8">
      <Execution id="5d562d24-eec3-414d-9b17-84cbbf67b7d3" />
      <TestMethod codeBase="C:/Users/Admin/Documents/Visual Studio 2010/Projects/ZMTFixedAssetsWebApp/ZMTFixedAssetsWebApp.UnitTests/bin/Debug/ZMTFixedAssetsWebApp.UnitTests.DLL" adapterTypeName="Microsoft.VisualStudio.TestTools.TestTypes.Unit.UnitTestAdapter, Microsoft.VisualStudio.QualityTools.Tips.UnitTest.Adapter, Version=10.0.0.0, Culture=neutral, PublicKeyToken=b03f5f7f11d50a3a" className="ZMTFixedAssetsWebApp.UnitTests.PersonUnitTest, ZMTFixedAssetsWebApp.UnitTests, Version=1.0.0.0, Culture=neutral, PublicKeyToken=null" name="CantAddPerson" />
    </UnitTest>
    <UnitTest name="GetAllPeople" storage="c:\users\admin\documents\visual studio 2010\projects\zmtfixedassetswebapp\zmtfixedassetswebapp.unittests\bin\debug\zmtfixedassetswebapp.unittests.dll" id="153f69cc-116d-c9fd-27ce-b3896f239667">
      <Execution id="a45b25b3-a0a6-4c26-9d96-3e23074dba1c" />
      <TestMethod codeBase="C:/Users/Admin/Documents/Visual Studio 2010/Projects/ZMTFixedAssetsWebApp/ZMTFixedAssetsWebApp.UnitTests/bin/Debug/ZMTFixedAssetsWebApp.UnitTests.DLL" adapterTypeName="Microsoft.VisualStudio.TestTools.TestTypes.Unit.UnitTestAdapter, Microsoft.VisualStudio.QualityTools.Tips.UnitTest.Adapter, Version=10.0.0.0, Culture=neutral, PublicKeyToken=b03f5f7f11d50a3a" className="ZMTFixedAssetsWebApp.UnitTests.PersonUnitTest, ZMTFixedAssetsWebApp.UnitTests, Version=1.0.0.0, Culture=neutral, PublicKeyToken=null" name="GetAllPeople" />
    </UnitTest>
    <UnitTest name="CanAddPerson" storage="c:\users\admin\documents\visual studio 2010\projects\zmtfixedassetswebapp\zmtfixedassetswebapp.unittests\bin\debug\zmtfixedassetswebapp.unittests.dll" id="8ffe0097-d333-2d2f-e8e1-30634a0f71e3">
      <Execution id="71951fe4-0576-4690-8cf6-37595d3e6724" />
      <TestMethod codeBase="C:/Users/Admin/Documents/Visual Studio 2010/Projects/ZMTFixedAssetsWebApp/ZMTFixedAssetsWebApp.UnitTests/bin/Debug/ZMTFixedAssetsWebApp.UnitTests.DLL" adapterTypeName="Microsoft.VisualStudio.TestTools.TestTypes.Unit.UnitTestAdapter, Microsoft.VisualStudio.QualityTools.Tips.UnitTest.Adapter, Version=10.0.0.0, Culture=neutral, PublicKeyToken=b03f5f7f11d50a3a" className="ZMTFixedAssetsWebApp.UnitTests.PersonUnitTest, ZMTFixedAssetsWebApp.UnitTests, Version=1.0.0.0, Culture=neutral, PublicKeyToken=null" name="CanAddPerson" />
    </UnitTest>
    <UnitTest name="CantEditPerson" storage="c:\users\admin\documents\visual studio 2010\projects\zmtfixedassetswebapp\zmtfixedassetswebapp.unittests\bin\debug\zmtfixedassetswebapp.unittests.dll" id="dab25657-895d-24cf-726b-ae970c2adb45">
      <Execution id="6723f088-0773-42aa-b844-0e292129d183" />
      <TestMethod codeBase="C:/Users/Admin/Documents/Visual Studio 2010/Projects/ZMTFixedAssetsWebApp/ZMTFixedAssetsWebApp.UnitTests/bin/Debug/ZMTFixedAssetsWebApp.UnitTests.DLL" adapterTypeName="Microsoft.VisualStudio.TestTools.TestTypes.Unit.UnitTestAdapter, Microsoft.VisualStudio.QualityTools.Tips.UnitTest.Adapter, Version=10.0.0.0, Culture=neutral, PublicKeyToken=b03f5f7f11d50a3a" className="ZMTFixedAssetsWebApp.UnitTests.PersonUnitTest, ZMTFixedAssetsWebApp.UnitTests, Version=1.0.0.0, Culture=neutral, PublicKeyToken=null" name="CantEditPerson" />
    </UnitTest>
    <UnitTest name="CanEditPerson" storage="c:\users\admin\documents\visual studio 2010\projects\zmtfixedassetswebapp\zmtfixedassetswebapp.unittests\bin\debug\zmtfixedassetswebapp.unittests.dll" id="0301020c-7f9d-d009-5f9a-1e6ada2a32a3">
      <Execution id="96fa0fc9-1cba-4a05-9b27-9d8bf129db56" />
      <TestMethod codeBase="C:/Users/Admin/Documents/Visual Studio 2010/Projects/ZMTFixedAssetsWebApp/ZMTFixedAssetsWebApp.UnitTests/bin/Debug/ZMTFixedAssetsWebApp.UnitTests.DLL" adapterTypeName="Microsoft.VisualStudio.TestTools.TestTypes.Unit.UnitTestAdapter, Microsoft.VisualStudio.QualityTools.Tips.UnitTest.Adapter, Version=10.0.0.0, Culture=neutral, PublicKeyToken=b03f5f7f11d50a3a" className="ZMTFixedAssetsWebApp.UnitTests.PersonUnitTest, ZMTFixedAssetsWebApp.UnitTests, Version=1.0.0.0, Culture=neutral, PublicKeyToken=null" name="CanEditPerson" />
    </UnitTest>
  </TestDefinitions>
  <TestLists>
    <TestList name="Results Not in a List" id="8c84fa94-04c1-424b-9868-57a2d4851a1d" />
    <TestList name="All Loaded Results" id="19431567-8539-422a-85d7-44ee4e166bda" />
  </TestLists>
  <TestEntries>
    <TestEntry testId="0301020c-7f9d-d009-5f9a-1e6ada2a32a3" executionId="96fa0fc9-1cba-4a05-9b27-9d8bf129db56" testListId="8c84fa94-04c1-424b-9868-57a2d4851a1d" />
    <TestEntry testId="153f69cc-116d-c9fd-27ce-b3896f239667" executionId="a45b25b3-a0a6-4c26-9d96-3e23074dba1c" testListId="8c84fa94-04c1-424b-9868-57a2d4851a1d" />
    <TestEntry testId="8ffe0097-d333-2d2f-e8e1-30634a0f71e3" executionId="71951fe4-0576-4690-8cf6-37595d3e6724" testListId="8c84fa94-04c1-424b-9868-57a2d4851a1d" />
    <TestEntry testId="a3ff57f2-eb65-3612-4ac7-d98d8c3622d8" executionId="5d562d24-eec3-414d-9b17-84cbbf67b7d3" testListId="8c84fa94-04c1-424b-9868-57a2d4851a1d" />
    <TestEntry testId="c97fa15e-5564-602b-e2d0-4994dbbfb87b" executionId="785cf3a7-840f-4c23-9865-ccce094e7888" testListId="8c84fa94-04c1-424b-9868-57a2d4851a1d" />
    <TestEntry testId="d0895da2-a254-3293-a751-fc6aae545dc9" executionId="37574406-6711-4a35-a754-228edf80291c" testListId="8c84fa94-04c1-424b-9868-57a2d4851a1d" />
    <TestEntry testId="dab25657-895d-24cf-726b-ae970c2adb45" executionId="6723f088-0773-42aa-b844-0e292129d183" testListId="8c84fa94-04c1-424b-9868-57a2d4851a1d" />
  </TestEntries>
  <Results>
    <UnitTestResult executionId="96fa0fc9-1cba-4a05-9b27-9d8bf129db56" testId="0301020c-7f9d-d009-5f9a-1e6ada2a32a3" testName="CanEditPerson" computerName="ADMIN-KOMPUTER" duration="00:00:00.6446414" startTime="2012-12-27T23:33:12.2515615+01:00" endTime="2012-12-27T23:33:13.6566419+01:00" testType="13cdc9d9-ddb5-4fa4-a97d-d965ccfc6d4b" outcome="Passed" testListId="8c84fa94-04c1-424b-9868-57a2d4851a1d" relativeResultsDirectory="96fa0fc9-1cba-4a05-9b27-9d8bf129db56">
    </UnitTestResult>
    <UnitTestResult executionId="a45b25b3-a0a6-4c26-9d96-3e23074dba1c" testId="153f69cc-116d-c9fd-27ce-b3896f239667" testName="GetAllPeople" computerName="ADMIN-KOMPUTER" duration="00:00:00.0043827" startTime="2012-12-27T23:33:13.6736429+01:00" endTime="2012-12-27T23:33:13.6856436+01:00" testType="13cdc9d9-ddb5-4fa4-a97d-d965ccfc6d4b" outcome="Passed" testListId="8c84fa94-04c1-424b-9868-57a2d4851a1d" relativeResultsDirectory="a45b25b3-a0a6-4c26-9d96-3e23074dba1c">
    </UnitTestResult>
    <UnitTestResult executionId="71951fe4-0576-4690-8cf6-37595d3e6724" testId="8ffe0097-d333-2d2f-e8e1-30634a0f71e3" testName="CanAddPerson" computerName="ADMIN-KOMPUTER" duration="00:00:00.0116885" startTime="2012-12-27T23:33:13.6926440+01:00" endTime="2012-12-27T23:33:13.7096449+01:00" testType="13cdc9d9-ddb5-4fa4-a97d-d965ccfc6d4b" outcome="Passed" testListId="8c84fa94-04c1-424b-9868-57a2d4851a1d" relativeResultsDirectory="71951fe4-0576-4690-8cf6-37595d3e6724">
    </UnitTestResult>
    <UnitTestResult executionId="5d562d24-eec3-414d-9b17-84cbbf67b7d3" testId="a3ff57f2-eb65-3612-4ac7-d98d8c3622d8" testName="CantAddPerson" computerName="ADMIN-KOMPUTER" duration="00:00:00.0080077" startTime="2012-12-27T23:33:13.7156453+01:00" endTime="2012-12-27T23:33:13.7286460+01:00" testType="13cdc9d9-ddb5-4fa4-a97d-d965ccfc6d4b" outcome="Passed" testListId="8c84fa94-04c1-424b-9868-57a2d4851a1d" relativeResultsDirectory="5d562d24-eec3-414d-9b17-84cbbf67b7d3">
    </UnitTestResult>
    <UnitTestResult executionId="785cf3a7-840f-4c23-9865-ccce094e7888" testId="c97fa15e-5564-602b-e2d0-4994dbbfb87b" testName="CantDeletePerson" computerName="ADMIN-KOMPUTER" duration="00:00:00.0347203" startTime="2012-12-27T23:33:13.7346464+01:00" endTime="2012-12-27T23:33:13.7746487+01:00" testType="13cdc9d9-ddb5-4fa4-a97d-d965ccfc6d4b" outcome="Failed" testListId="8c84fa94-04c1-424b-9868-57a2d4851a1d" relativeResultsDirectory="785cf3a7-840f-4c23-9865-ccce094e7888">
      <Output>
        <ErrorInfo>
          <Message>Test method ZMTFixedAssetsWebApp.UnitTests.PersonUnitTest.CantDeletePerson threw exception: 
System.ArgumentNullException: Value cannot be null.
Parameter name: request</Message>
          <StackTrace>    at System.Web.Mvc.AjaxRequestExtensions.IsAjaxRequest(HttpRequestBase request)
   at ZMTFixedAssetsWebApp.WebUI.Controllers.PersonController.Delete(Int32 id) in C:\Users\Admin\Documents\Visual Studio 2010\Projects\ZMTFixedAssetsWebApp\ZMTFixedAssetsWebApp.WebUI\Controllers\PersonController.cs:line 118
   at ZMTFixedAssetsWebApp.UnitTests.PersonUnitTest.CantDeletePerson() in C:\Users\Admin\Documents\Visual Studio 2010\Projects\ZMTFixedAssetsWebApp\ZMTFixedAssetsWebApp.UnitTests\PersonUnitTest.cs:line 165
</StackTrace>
        </ErrorInfo>
      </Output>
    </UnitTestResult>
    <UnitTestResult executionId="37574406-6711-4a35-a754-228edf80291c" testId="d0895da2-a254-3293-a751-fc6aae545dc9" testName="CanDeletePerson" computerName="ADMIN-KOMPUTER" duration="00:00:00.0092626" startTime="2012-12-27T23:33:13.7806490+01:00" endTime="2012-12-27T23:33:13.7996501+01:00" testType="13cdc9d9-ddb5-4fa4-a97d-d965ccfc6d4b" outcome="Passed" testListId="8c84fa94-04c1-424b-9868-57a2d4851a1d" relativeResultsDirectory="37574406-6711-4a35-a754-228edf80291c">
    </UnitTestResult>
    <UnitTestResult executionId="6723f088-0773-42aa-b844-0e292129d183" testId="dab25657-895d-24cf-726b-ae970c2adb45" testName="CantEditPerson" computerName="ADMIN-KOMPUTER" duration="00:00:00.0067758" startTime="2012-12-27T23:33:13.8066505+01:00" endTime="2012-12-27T23:33:13.8186512+01:00" testType="13cdc9d9-ddb5-4fa4-a97d-d965ccfc6d4b" outcome="Passed" testListId="8c84fa94-04c1-424b-9868-57a2d4851a1d" relativeResultsDirectory="6723f088-0773-42aa-b844-0e292129d183">
    </UnitTestResult>
  </Results>
</TestRun>