<?xml version="1.0" encoding="UTF-8"?>
<TestRun id="d1a770b0-c4ec-41d1-aada-cdb017586579" name="Admin@ADMIN-KOMPUTER 2012-12-27 23:17:30" runUser="Admin-Komputer\Admin" xmlns="http://microsoft.com/schemas/VisualStudio/TeamTest/2010">
  <TestSettings name="Local" id="f6c044c9-0e3f-4f1b-8ba3-a15348056ed4">
    <Description>These are default test settings for a local test run.</Description>
    <Deployment enabled="false" runDeploymentRoot="Admin_ADMIN-KOMPUTER 2012-12-27 23_17_30">
      <DeploymentItem filename="C:\Users\Admin\Documents\Visual Studio 2010\Projects\ZMTFixedAssetsWebApp\ZMTFixedAssetsWebApp.WebUI\bin\ZMTFixedAssetsWebApp.WebUI.dll" />
      <DeploymentItem filename="D:\c#\Ninject.dll" />
      <DeploymentItem filename="C:\Users\Admin\Documents\Visual Studio 2010\Projects\ZMTFixedAssetsWebApp\ZMTFixedAssetsWebApp.Domain\bin\Debug\ZMTFixedAssetsWebApp.Domain.dll" />
      <DeploymentItem filename="D:\c#\Moq.dll" />
    </Deployment>
    <Execution>
      <TestTypeSpecific />
      <AgentRule name="Execution Agents">
      </AgentRule>
    </Execution>
  </TestSettings>
  <Times creation="2012-12-27T23:17:30.8767180+01:00" queuing="2012-12-27T23:17:31.4257494+01:00" start="2012-12-27T23:17:31.6327612+01:00" finish="2012-12-27T23:17:32.8478307+01:00" />
  <ResultSummary outcome="Failed">
    <Counters total="1" executed="1" error="0" failed="1" timeout="0" aborted="0" inconclusive="0" passedButRunAborted="0" notRunnable="0" notExecuted="0" disconnected="0" warning="0" passed="0" completed="0" inProgress="0" pending="0" />
  </ResultSummary>
  <TestDefinitions>
    <UnitTest name="CanEditPerson" storage="c:\users\admin\documents\visual studio 2010\projects\zmtfixedassetswebapp\zmtfixedassetswebapp.unittests\bin\debug\zmtfixedassetswebapp.unittests.dll" id="0301020c-7f9d-d009-5f9a-1e6ada2a32a3">
      <Execution id="f2033910-6fc4-4f11-8f1e-14500a30c85f" />
      <TestMethod codeBase="C:/Users/Admin/Documents/Visual Studio 2010/Projects/ZMTFixedAssetsWebApp/ZMTFixedAssetsWebApp.UnitTests/bin/Debug/ZMTFixedAssetsWebApp.UnitTests.DLL" adapterTypeName="Microsoft.VisualStudio.TestTools.TestTypes.Unit.UnitTestAdapter, Microsoft.VisualStudio.QualityTools.Tips.UnitTest.Adapter, Version=10.0.0.0, Culture=neutral, PublicKeyToken=b03f5f7f11d50a3a" className="ZMTFixedAssetsWebApp.UnitTests.PersonUnitTest, ZMTFixedAssetsWebApp.UnitTests, Version=1.0.0.0, Culture=neutral, PublicKeyToken=null" name="CanEditPerson" />
    </UnitTest>
  </TestDefinitions>
  <TestLists>
    <TestList name="Results Not in a List" id="8c84fa94-04c1-424b-9868-57a2d4851a1d" />
    <TestList name="All Loaded Results" id="19431567-8539-422a-85d7-44ee4e166bda" />
  </TestLists>
  <TestEntries>
    <TestEntry testId="0301020c-7f9d-d009-5f9a-1e6ada2a32a3" executionId="f2033910-6fc4-4f11-8f1e-14500a30c85f" testListId="8c84fa94-04c1-424b-9868-57a2d4851a1d" />
  </TestEntries>
  <Results>
    <UnitTestResult executionId="f2033910-6fc4-4f11-8f1e-14500a30c85f" testId="0301020c-7f9d-d009-5f9a-1e6ada2a32a3" testName="CanEditPerson" computerName="ADMIN-KOMPUTER" duration="00:00:00.6009156" startTime="2012-12-27T23:17:31.5457562+01:00" endTime="2012-12-27T23:17:32.7938276+01:00" testType="13cdc9d9-ddb5-4fa4-a97d-d965ccfc6d4b" outcome="Failed" testListId="8c84fa94-04c1-424b-9868-57a2d4851a1d" relativeResultsDirectory="f2033910-6fc4-4f11-8f1e-14500a30c85f">
      <Output>
        <ErrorInfo>
          <Message>Test method ZMTFixedAssetsWebApp.UnitTests.PersonUnitTest.CanEditPerson threw exception: 
System.Exception: Nie udało się edytować pracowanika. Proszę skontaktować się z administratorem</Message>
          <StackTrace>    at ZMTFixedAssetsWebApp.WebUI.Controllers.PersonController.Edit(PersonSectionAddEditModel model) in C:\Users\Admin\Documents\Visual Studio 2010\Projects\ZMTFixedAssetsWebApp\ZMTFixedAssetsWebApp.WebUI\Controllers\PersonController.cs:line 77
   at ZMTFixedAssetsWebApp.UnitTests.PersonUnitTest.CanEditPerson() in C:\Users\Admin\Documents\Visual Studio 2010\Projects\ZMTFixedAssetsWebApp\ZMTFixedAssetsWebApp.UnitTests\PersonUnitTest.cs:line 98
</StackTrace>
        </ErrorInfo>
      </Output>
    </UnitTestResult>
  </Results>
</TestRun>